<?xml version="1.0" encoding="UTF-8"?>
<testsuite xmlns:xsi="http://www.w3.org/2001/XMLSchema-instance" xsi:noNamespaceSchemaLocation="https://maven.apache.org/surefire/maven-surefire-plugin/xsd/surefire-test-report.xsd" version="3.0.1" name="autoTest.accuweather.alarm.FifteenDaysOfWeatherAlarmsTest" time="1.466" tests="1" errors="0" skipped="0" failures="0">
  <properties>
    <property name="java.specification.version" value="21"/>
    <property name="sun.cpu.isalist" value="amd64"/>
    <property name="sun.jnu.encoding" value="Cp1251"/>
    <property name="java.class.path" value="C:\Users\Евгений\Desktop\AutoTest_5\target\test-classes;C:\Users\Евгений\Desktop\AutoTest_5\target\classes;C:\Users\Евгений\.m2\repository\org\junit\jupiter\junit-jupiter-engine\5.7.2\junit-jupiter-engine-5.7.2.jar;C:\Users\Евгений\.m2\repository\org\apiguardian\apiguardian-api\1.1.0\apiguardian-api-1.1.0.jar;C:\Users\Евгений\.m2\repository\org\junit\platform\junit-platform-engine\1.7.2\junit-platform-engine-1.7.2.jar;C:\Users\Евгений\.m2\repository\org\opentest4j\opentest4j\1.2.0\opentest4j-1.2.0.jar;C:\Users\Евгений\.m2\repository\org\junit\platform\junit-platform-commons\1.7.2\junit-platform-commons-1.7.2.jar;C:\Users\Евгений\.m2\repository\org\junit\jupiter\junit-jupiter-api\5.7.2\junit-jupiter-api-5.7.2.jar;C:\Users\Евгений\.m2\repository\org\junit\jupiter\junit-jupiter-params\5.7.2\junit-jupiter-params-5.7.2.jar;C:\Users\Евгений\.m2\repository\com\fasterxml\jackson\core\jackson-databind\2.15.0\jackson-databind-2.15.0.jar;C:\Users\Евгений\.m2\repository\com\fasterxml\jackson\core\jackson-annotations\2.15.0\jackson-annotations-2.15.0.jar;C:\Users\Евгений\.m2\repository\com\fasterxml\jackson\core\jackson-core\2.15.0\jackson-core-2.15.0.jar;C:\Users\Евгений\.m2\repository\ch\qos\logback\logback-core\1.3.5\logback-core-1.3.5.jar;C:\Users\Евгений\.m2\repository\org\slf4j\slf4j-api\2.0.4\slf4j-api-2.0.4.jar;C:\Users\Евгений\.m2\repository\ch\qos\logback\logback-classic\1.3.5\logback-classic-1.3.5.jar;C:\Users\Евгений\.m2\repository\org\mockito\mockito-core\5.3.1\mockito-core-5.3.1.jar;C:\Users\Евгений\.m2\repository\net\bytebuddy\byte-buddy\1.14.4\byte-buddy-1.14.4.jar;C:\Users\Евгений\.m2\repository\net\bytebuddy\byte-buddy-agent\1.14.4\byte-buddy-agent-1.14.4.jar;C:\Users\Евгений\.m2\repository\org\objenesis\objenesis\3.3\objenesis-3.3.jar;C:\Users\Евгений\.m2\repository\org\mockito\mockito-junit-jupiter\5.3.1\mockito-junit-jupiter-5.3.1.jar;C:\Users\Евгений\.m2\repository\com\github\tomakehurst\wiremock\1.58\wiremock-1.58.jar;C:\Users\Евгений\.m2\repository\org\apache\httpcomponents\httpclient\4.5\httpclient-4.5.jar;C:\Users\Евгений\.m2\repository\org\apache\httpcomponents\httpcore\4.4.1\httpcore-4.4.1.jar;C:\Users\Евгений\.m2\repository\commons-logging\commons-logging\1.2\commons-logging-1.2.jar;C:\Users\Евгений\.m2\repository\commons-codec\commons-codec\1.9\commons-codec-1.9.jar;C:\Users\Евгений\.m2\repository\xmlunit\xmlunit\1.6\xmlunit-1.6.jar;C:\Users\Евгений\.m2\repository\org\mortbay\jetty\jetty\6.1.26\jetty-6.1.26.jar;C:\Users\Евгений\.m2\repository\org\mortbay\jetty\jetty-util\6.1.26\jetty-util-6.1.26.jar;C:\Users\Евгений\.m2\repository\org\mortbay\jetty\servlet-api\2.5-20081211\servlet-api-2.5-20081211.jar;C:\Users\Евгений\.m2\repository\org\skyscreamer\jsonassert\1.2.3\jsonassert-1.2.3.jar;C:\Users\Евгений\.m2\repository\org\json\json\20090211\json-20090211.jar;C:\Users\Евгений\.m2\repository\com\jayway\jsonpath\json-path\0.8.1\json-path-0.8.1.jar;C:\Users\Евгений\.m2\repository\net\minidev\json-smart\1.1.1\json-smart-1.1.1.jar;C:\Users\Евгений\.m2\repository\commons-lang\commons-lang\2.6\commons-lang-2.6.jar;C:\Users\Евгений\.m2\repository\net\sf\jopt-simple\jopt-simple\4.9\jopt-simple-4.9.jar;C:\Users\Евгений\.m2\repository\com\google\guava\guava\18.0\guava-18.0.jar;"/>
    <property name="java.vm.vendor" value="Oracle Corporation"/>
    <property name="sun.arch.data.model" value="64"/>
    <property name="user.variant" value=""/>
    <property name="java.vendor.url" value="https://java.oracle.com/"/>
    <property name="user.timezone" value="Europe/Moscow"/>
    <property name="os.name" value="Windows 10"/>
    <property name="java.vm.specification.version" value="21"/>
    <property name="sun.java.launcher" value="SUN_STANDARD"/>
    <property name="user.country" value="RU"/>
    <property name="sun.boot.library.path" value="C:\Program Files\Java\jdk-21\bin"/>
    <property name="sun.java.command" value="C:\Users\Евгений\AppData\Local\Temp\surefire12474789686393517120\surefirebooter-20240903225425732_3.jar C:\Users\Евгений\AppData\Local\Temp\surefire12474789686393517120 2024-09-03T22-54-25_528-jvmRun1 surefire-20240903225425732_1tmp surefire_0-20240903225425732_2tmp"/>
    <property name="jdk.debug" value="release"/>
    <property name="surefire.test.class.path" value="C:\Users\Евгений\Desktop\AutoTest_5\target\test-classes;C:\Users\Евгений\Desktop\AutoTest_5\target\classes;C:\Users\Евгений\.m2\repository\org\junit\jupiter\junit-jupiter-engine\5.7.2\junit-jupiter-engine-5.7.2.jar;C:\Users\Евгений\.m2\repository\org\apiguardian\apiguardian-api\1.1.0\apiguardian-api-1.1.0.jar;C:\Users\Евгений\.m2\repository\org\junit\platform\junit-platform-engine\1.7.2\junit-platform-engine-1.7.2.jar;C:\Users\Евгений\.m2\repository\org\opentest4j\opentest4j\1.2.0\opentest4j-1.2.0.jar;C:\Users\Евгений\.m2\repository\org\junit\platform\junit-platform-commons\1.7.2\junit-platform-commons-1.7.2.jar;C:\Users\Евгений\.m2\repository\org\junit\jupiter\junit-jupiter-api\5.7.2\junit-jupiter-api-5.7.2.jar;C:\Users\Евгений\.m2\repository\org\junit\jupiter\junit-jupiter-params\5.7.2\junit-jupiter-params-5.7.2.jar;C:\Users\Евгений\.m2\repository\com\fasterxml\jackson\core\jackson-databind\2.15.0\jackson-databind-2.15.0.jar;C:\Users\Евгений\.m2\repository\com\fasterxml\jackson\core\jackson-annotations\2.15.0\jackson-annotations-2.15.0.jar;C:\Users\Евгений\.m2\repository\com\fasterxml\jackson\core\jackson-core\2.15.0\jackson-core-2.15.0.jar;C:\Users\Евгений\.m2\repository\ch\qos\logback\logback-core\1.3.5\logback-core-1.3.5.jar;C:\Users\Евгений\.m2\repository\org\slf4j\slf4j-api\2.0.4\slf4j-api-2.0.4.jar;C:\Users\Евгений\.m2\repository\ch\qos\logback\logback-classic\1.3.5\logback-classic-1.3.5.jar;C:\Users\Евгений\.m2\repository\org\mockito\mockito-core\5.3.1\mockito-core-5.3.1.jar;C:\Users\Евгений\.m2\repository\net\bytebuddy\byte-buddy\1.14.4\byte-buddy-1.14.4.jar;C:\Users\Евгений\.m2\repository\net\bytebuddy\byte-buddy-agent\1.14.4\byte-buddy-agent-1.14.4.jar;C:\Users\Евгений\.m2\repository\org\objenesis\objenesis\3.3\objenesis-3.3.jar;C:\Users\Евгений\.m2\repository\org\mockito\mockito-junit-jupiter\5.3.1\mockito-junit-jupiter-5.3.1.jar;C:\Users\Евгений\.m2\repository\com\github\tomakehurst\wiremock\1.58\wiremock-1.58.jar;C:\Users\Евгений\.m2\repository\org\apache\httpcomponents\httpclient\4.5\httpclient-4.5.jar;C:\Users\Евгений\.m2\repository\org\apache\httpcomponents\httpcore\4.4.1\httpcore-4.4.1.jar;C:\Users\Евгений\.m2\repository\commons-logging\commons-logging\1.2\commons-logging-1.2.jar;C:\Users\Евгений\.m2\repository\commons-codec\commons-codec\1.9\commons-codec-1.9.jar;C:\Users\Евгений\.m2\repository\xmlunit\xmlunit\1.6\xmlunit-1.6.jar;C:\Users\Евгений\.m2\repository\org\mortbay\jetty\jetty\6.1.26\jetty-6.1.26.jar;C:\Users\Евгений\.m2\repository\org\mortbay\jetty\jetty-util\6.1.26\jetty-util-6.1.26.jar;C:\Users\Евгений\.m2\repository\org\mortbay\jetty\servlet-api\2.5-20081211\servlet-api-2.5-20081211.jar;C:\Users\Евгений\.m2\repository\org\skyscreamer\jsonassert\1.2.3\jsonassert-1.2.3.jar;C:\Users\Евгений\.m2\repository\org\json\json\20090211\json-20090211.jar;C:\Users\Евгений\.m2\repository\com\jayway\jsonpath\json-path\0.8.1\json-path-0.8.1.jar;C:\Users\Евгений\.m2\repository\net\minidev\json-smart\1.1.1\json-smart-1.1.1.jar;C:\Users\Евгений\.m2\repository\commons-lang\commons-lang\2.6\commons-lang-2.6.jar;C:\Users\Евгений\.m2\repository\net\sf\jopt-simple\jopt-simple\4.9\jopt-simple-4.9.jar;C:\Users\Евгений\.m2\repository\com\google\guava\guava\18.0\guava-18.0.jar;"/>
    <property name="sun.cpu.endian" value="little"/>
    <property name="user.home" value="C:\Users\Евгений"/>
    <property name="user.language" value="ru"/>
    <property name="java.specification.vendor" value="Oracle Corporation"/>
    <property name="java.version.date" value="2024-01-16"/>
    <property name="java.home" value="C:\Program Files\Java\jdk-21"/>
    <property name="file.separator" value="\"/>
    <property name="basedir" value="C:\Users\Евгений\Desktop\AutoTest_5"/>
    <property name="java.vm.compressedOopsMode" value="Zero based"/>
    <property name="line.separator" value="&#10;"/>
    <property name="java.vm.specification.vendor" value="Oracle Corporation"/>
    <property name="java.specification.name" value="Java Platform API Specification"/>
    <property name="surefire.real.class.path" value="C:\Users\Евгений\AppData\Local\Temp\surefire12474789686393517120\surefirebooter-20240903225425732_3.jar"/>
    <property name="user.script" value=""/>
    <property name="sun.management.compiler" value="HotSpot 64-Bit Tiered Compilers"/>
    <property name="java.runtime.version" value="21.0.2+13-LTS-58"/>
    <property name="user.name" value="Евгений"/>
    <property name="stdout.encoding" value="Cp1251"/>
    <property name="path.separator" value=";"/>
    <property name="os.version" value="10.0"/>
    <property name="java.runtime.name" value="Java(TM) SE Runtime Environment"/>
    <property name="file.encoding" value="UTF-8"/>
    <property name="java.vm.name" value="Java HotSpot(TM) 64-Bit Server VM"/>
    <property name="localRepository" value="C:\Users\Евгений\.m2\repository"/>
    <property name="java.vendor.url.bug" value="https://bugreport.java.com/bugreport/"/>
    <property name="java.io.tmpdir" value="C:\Users\B7E3~1\AppData\Local\Temp\"/>
    <property name="idea.version" value="2024.2.1"/>
    <property name="java.version" value="21.0.2"/>
    <property name="user.dir" value="C:\Users\Евгений\Desktop\AutoTest_5"/>
    <property name="os.arch" value="amd64"/>
    <property name="java.vm.specification.name" value="Java Virtual Machine Specification"/>
    <property name="sun.os.patch.level" value=""/>
    <property name="native.encoding" value="Cp1251"/>
    <property name="java.library.path" value="C:\Program Files\Java\jdk-21\bin;C:\WINDOWS\Sun\Java\bin;C:\WINDOWS\system32;C:\WINDOWS;C:\Program Files\Common Files\Oracle\Java\javapath;C:\WINDOWS\system32;C:\WINDOWS;C:\WINDOWS\System32\Wbem;C:\WINDOWS\System32\WindowsPowerShell\v1.0\;C:\Program Files\7-Zip;C:\WINDOWS\System32\OpenSSH\;C:\Program Files\Git\cmd;C:\Program Files\dotnet\;C:\Users\Евгений\AppData\Local\Programs\Python\Python312\Scripts;C:\Users\Евгений\AppData\Local\Programs\Python\Python312\;C:\Users\Евгений\AppData\Local\Microsoft\WindowsApps;C:\Users\Евгений\AppData\Local\Programs\Microsoft VS Code\bin;C:\Users\Евгений\.dotnet\tools;C:\Program Files\JetBrains\PyCharm Community Edition 2023.3\bin;;;C:\Program Files\JetBrains\IntelliJ IDEA Community Edition 2024.2.1\bin;;."/>
    <property name="java.vm.info" value="mixed mode, sharing"/>
    <property name="stderr.encoding" value="Cp1251"/>
    <property name="java.vendor" value="Oracle Corporation"/>
    <property name="java.vm.version" value="21.0.2+13-LTS-58"/>
    <property name="sun.io.unicode.encoding" value="UnicodeLittle"/>
    <property name="java.class.version" value="65.0"/>
  </properties>
  <testcase name="getFifteenDaysOfWeatherAlarms_shouldReturn401" classname="autoTest.accuweather.alarm.FifteenDaysOfWeatherAlarmsTest" time="0.62">
    <system-out><![CDATA[22:54:26,634 |-INFO in ch.qos.logback.classic.LoggerContext[default] - This is logback-classic version 1.3.5
22:54:26,662 |-INFO in ch.qos.logback.classic.LoggerContext[default] - Could NOT find resource [logback-test.xml]
22:54:26,662 |-INFO in ch.qos.logback.classic.LoggerContext[default] - Found resource [logback.xml] at [file:/C:/Users/%d0%95%d0%b2%d0%b3%d0%b5%d0%bd%d0%b8%d0%b9/Desktop/AutoTest_5/target/classes/logback.xml]
22:54:26,795 |-INFO in ch.qos.logback.core.model.processor.AppenderModelHandler - Processing appender named [STDOUT]
22:54:26,795 |-INFO in ch.qos.logback.core.model.processor.AppenderModelHandler - About to instantiate appender of type [ch.qos.logback.core.ConsoleAppender]
22:54:26,804 |-INFO in ch.qos.logback.core.model.processor.ImplicitModelHandler - Assuming default type [ch.qos.logback.classic.encoder.PatternLayoutEncoder] for [encoder] property
22:54:26,850 |-INFO in ch.qos.logback.core.model.processor.AppenderModelHandler - Processing appender named [FILE]
22:54:26,850 |-INFO in ch.qos.logback.core.model.processor.AppenderModelHandler - About to instantiate appender of type [ch.qos.logback.core.FileAppender]
22:54:26,853 |-WARN in ch.qos.logback.core.model.processor.ImplicitModelHandler - Ignoring unknown property [rollingPolicy] in [ch.qos.logback.core.FileAppender]
22:54:26,858 |-INFO in ch.qos.logback.core.model.processor.ImplicitModelHandler - Assuming default type [ch.qos.logback.classic.encoder.PatternLayoutEncoder] for [encoder] property
22:54:26,859 |-INFO in ch.qos.logback.core.FileAppender[FILE] - File property is set to [C:\GB_Cours\TS\BeginAutoTest\Homework\AutoTestHomework5\src\test\resources/tests.log]
22:54:26,861 |-INFO in ch.qos.logback.classic.model.processor.RootLoggerModelHandler - Setting level of ROOT logger to DEBUG
22:54:26,861 |-INFO in ch.qos.logback.core.model.processor.AppenderRefModelHandler - Attaching appender named [STDOUT] to Logger[ROOT]
22:54:26,862 |-INFO in ch.qos.logback.core.model.processor.AppenderRefModelHandler - Attaching appender named [FILE] to Logger[ROOT]
22:54:26,862 |-INFO in ch.qos.logback.core.model.processor.DefaultProcessor@69ee81fc - End of configuration.
22:54:26,863 |-INFO in ch.qos.logback.classic.joran.JoranConfigurator@6e2aa843 - Registering current configuration as safe fallback point

22:54:27.208 [main] INFO  org.mortbay.log - Logging to Logger[org.mortbay.log] via org.mortbay.log.Slf4jLog
22:54:27.211 [main] DEBUG org.mortbay.log - Container Server@64ba3208 + org.mortbay.thread.QueuedThreadPool@6492fab5 as threadpool
22:54:27.217 [main] DEBUG org.mortbay.log - Container Server@64ba3208 + DelayableSocketConnector@0.0.0.0:8080 as connector
22:54:27.230 [main] DEBUG org.mortbay.log - Container Server@64ba3208 + org.mortbay.jetty.servlet.Context@2c7b5824{/__admin,null} as handler
22:54:27.231 [main] DEBUG org.mortbay.log - Container org.mortbay.jetty.servlet.Context@2c7b5824{/__admin,null} + ServletHandler@302a07d as handler
22:54:27.235 [main] DEBUG org.mortbay.log - Container ServletHandler@302a07d + com.github.tomakehurst.wiremock.jetty6.Jetty6HandlerDispatchingServlet-473666452 as servlet
22:54:27.236 [main] DEBUG org.mortbay.log - Container ServletHandler@302a07d + (S=com.github.tomakehurst.wiremock.jetty6.Jetty6HandlerDispatchingServlet-473666452,[/]) as servletMapping
22:54:27.241 [main] DEBUG org.mortbay.log - filterNameMap=null
22:54:27.241 [main] DEBUG org.mortbay.log - pathFilters=null
22:54:27.241 [main] DEBUG org.mortbay.log - servletFilterMap=null
22:54:27.241 [main] DEBUG org.mortbay.log - servletPathMap={/=com.github.tomakehurst.wiremock.jetty6.Jetty6HandlerDispatchingServlet-473666452}
22:54:27.241 [main] DEBUG org.mortbay.log - servletNameMap={com.github.tomakehurst.wiremock.jetty6.Jetty6HandlerDispatchingServlet-473666452=com.github.tomakehurst.wiremock.jetty6.Jetty6HandlerDispatchingServlet-473666452}
22:54:27.243 [main] DEBUG org.mortbay.log - Container ServletHandler@302a07d - com.github.tomakehurst.wiremock.jetty6.Jetty6HandlerDispatchingServlet-473666452 as servlet
22:54:27.243 [main] DEBUG org.mortbay.log - Container ServletHandler@302a07d - (S=com.github.tomakehurst.wiremock.jetty6.Jetty6HandlerDispatchingServlet-473666452,[/]) as servletMapping
22:54:27.243 [main] DEBUG org.mortbay.log - Container Server@64ba3208 - org.mortbay.jetty.servlet.Context@2c7b5824{/__admin,null} as handler
22:54:27.243 [main] DEBUG org.mortbay.log - Container Server@64ba3208 + HandlerCollection@4233e892 as handler
22:54:27.243 [main] DEBUG org.mortbay.log - Container ServletHandler@302a07d + com.github.tomakehurst.wiremock.jetty6.Jetty6HandlerDispatchingServlet-473666452 as servlet
22:54:27.244 [main] DEBUG org.mortbay.log - Container ServletHandler@302a07d + (S=com.github.tomakehurst.wiremock.jetty6.Jetty6HandlerDispatchingServlet-473666452,[/]) as servletMapping
22:54:27.244 [main] DEBUG org.mortbay.log - Container org.mortbay.jetty.servlet.Context@2c7b5824{/__admin,null} + ServletHandler@302a07d as handler
22:54:27.244 [main] DEBUG org.mortbay.log - Container HandlerCollection@4233e892 + org.mortbay.jetty.servlet.Context@2c7b5824{/__admin,null} as handler
22:54:27.244 [main] DEBUG org.mortbay.log - Container HandlerCollection@4233e892 + org.mortbay.jetty.servlet.Context@2c7b5824{/__admin,null} as handler
22:54:27.244 [main] DEBUG org.mortbay.log - Container HandlerCollection@4233e892 + org.mortbay.jetty.servlet.Context@2c7b5824{/__admin,null} as handler
22:54:27.244 [main] DEBUG org.mortbay.log - Container HandlerCollection@4233e892 + org.mortbay.jetty.servlet.Context@77d2e85{/,null} as handler
22:54:27.245 [main] DEBUG org.mortbay.log - Container org.mortbay.jetty.servlet.Context@77d2e85{/,null} + ServletHandler@3ecd267f as handler
22:54:27.246 [main] DEBUG org.mortbay.log - Container ServletHandler@3ecd267f + org.mortbay.jetty.servlet.DefaultServlet-446445803 as servlet
22:54:27.246 [main] DEBUG org.mortbay.log - Container ServletHandler@3ecd267f + (S=org.mortbay.jetty.servlet.DefaultServlet-446445803,[/__files/*]) as servletMapping
22:54:27.246 [main] DEBUG org.mortbay.log - filterNameMap=null
22:54:27.246 [main] DEBUG org.mortbay.log - pathFilters=null
22:54:27.247 [main] DEBUG org.mortbay.log - servletFilterMap=null
22:54:27.247 [main] DEBUG org.mortbay.log - servletPathMap={/__files/*=org.mortbay.jetty.servlet.DefaultServlet-446445803}
22:54:27.247 [main] DEBUG org.mortbay.log - servletNameMap={org.mortbay.jetty.servlet.DefaultServlet-446445803=org.mortbay.jetty.servlet.DefaultServlet-446445803}
22:54:27.247 [main] DEBUG org.mortbay.log - Container ServletHandler@3ecd267f + com.github.tomakehurst.wiremock.jetty6.Jetty6HandlerDispatchingServlet-1424108509 as servlet
22:54:27.247 [main] DEBUG org.mortbay.log - Container ServletHandler@3ecd267f + (S=com.github.tomakehurst.wiremock.jetty6.Jetty6HandlerDispatchingServlet-1424108509,[/]) as servletMapping
22:54:27.247 [main] DEBUG org.mortbay.log - filterNameMap=null
22:54:27.247 [main] DEBUG org.mortbay.log - pathFilters=null
22:54:27.248 [main] DEBUG org.mortbay.log - servletFilterMap=null
22:54:27.248 [main] DEBUG org.mortbay.log - servletPathMap={/__files/*=org.mortbay.jetty.servlet.DefaultServlet-446445803, /=com.github.tomakehurst.wiremock.jetty6.Jetty6HandlerDispatchingServlet-1424108509}
22:54:27.248 [main] DEBUG org.mortbay.log - servletNameMap={org.mortbay.jetty.servlet.DefaultServlet-446445803=org.mortbay.jetty.servlet.DefaultServlet-446445803, com.github.tomakehurst.wiremock.jetty6.Jetty6HandlerDispatchingServlet-1424108509=com.github.tomakehurst.wiremock.jetty6.Jetty6HandlerDispatchingServlet-1424108509}
22:54:27.277 [main] DEBUG org.mortbay.log - Container ServletHandler@3ecd267f + com.github.tomakehurst.wiremock.servlet.ContentTypeSettingFilter-565881091 as filter
22:54:27.278 [main] DEBUG org.mortbay.log - Container ServletHandler@3ecd267f + (F=com.github.tomakehurst.wiremock.servlet.ContentTypeSettingFilter-565881091,[/__files/*],[],2) as filterMapping
22:54:27.279 [main] DEBUG org.mortbay.log - filterNameMap={com.github.tomakehurst.wiremock.servlet.ContentTypeSettingFilter-565881091=com.github.tomakehurst.wiremock.servlet.ContentTypeSettingFilter-565881091}
22:54:27.279 [main] DEBUG org.mortbay.log - pathFilters=[(F=com.github.tomakehurst.wiremock.servlet.ContentTypeSettingFilter-565881091,[/__files/*],[],2)]
22:54:27.279 [main] DEBUG org.mortbay.log - servletFilterMap=null
22:54:27.279 [main] DEBUG org.mortbay.log - servletPathMap={/__files/*=org.mortbay.jetty.servlet.DefaultServlet-446445803, /=com.github.tomakehurst.wiremock.jetty6.Jetty6HandlerDispatchingServlet-1424108509}
22:54:27.279 [main] DEBUG org.mortbay.log - servletNameMap={org.mortbay.jetty.servlet.DefaultServlet-446445803=org.mortbay.jetty.servlet.DefaultServlet-446445803, com.github.tomakehurst.wiremock.jetty6.Jetty6HandlerDispatchingServlet-1424108509=com.github.tomakehurst.wiremock.jetty6.Jetty6HandlerDispatchingServlet-1424108509}
22:54:27.280 [main] DEBUG org.mortbay.log - Container ServletHandler@3ecd267f + com.github.tomakehurst.wiremock.servlet.TrailingSlashFilter-1293462056 as filter
22:54:27.280 [main] DEBUG org.mortbay.log - Container ServletHandler@3ecd267f + (F=com.github.tomakehurst.wiremock.servlet.TrailingSlashFilter-1293462056,[/__files/*],[],15) as filterMapping
22:54:27.280 [main] DEBUG org.mortbay.log - filterNameMap={com.github.tomakehurst.wiremock.servlet.ContentTypeSettingFilter-565881091=com.github.tomakehurst.wiremock.servlet.ContentTypeSettingFilter-565881091, com.github.tomakehurst.wiremock.servlet.TrailingSlashFilter-1293462056=com.github.tomakehurst.wiremock.servlet.TrailingSlashFilter-1293462056}
22:54:27.280 [main] DEBUG org.mortbay.log - pathFilters=[(F=com.github.tomakehurst.wiremock.servlet.ContentTypeSettingFilter-565881091,[/__files/*],[],2), (F=com.github.tomakehurst.wiremock.servlet.TrailingSlashFilter-1293462056,[/__files/*],[],15)]
22:54:27.281 [main] DEBUG org.mortbay.log - servletFilterMap=null
22:54:27.281 [main] DEBUG org.mortbay.log - servletPathMap={/__files/*=org.mortbay.jetty.servlet.DefaultServlet-446445803, /=com.github.tomakehurst.wiremock.jetty6.Jetty6HandlerDispatchingServlet-1424108509}
22:54:27.281 [main] DEBUG org.mortbay.log - servletNameMap={org.mortbay.jetty.servlet.DefaultServlet-446445803=org.mortbay.jetty.servlet.DefaultServlet-446445803, com.github.tomakehurst.wiremock.jetty6.Jetty6HandlerDispatchingServlet-1424108509=com.github.tomakehurst.wiremock.jetty6.Jetty6HandlerDispatchingServlet-1424108509}
22:54:27.281 [main] DEBUG org.mortbay.log - Container HandlerCollection@4233e892 + org.mortbay.jetty.servlet.Context@2c7b5824{/__admin,null} as handler
22:54:27.281 [main] DEBUG org.mortbay.log - Container HandlerCollection@4233e892 + org.mortbay.jetty.servlet.Context@77d2e85{/,null} as handler
22:54:27.306 [main] INFO  autoTest.accuweather.AbstractTest - Start WireMockServer on port 8080
22:54:27.319 [main] INFO  a.a.a.FifteenDaysOfWeatherAlarmsTest - Тест код ответ 401 запущен
22:54:27.319 [main] DEBUG a.a.a.FifteenDaysOfWeatherAlarmsTest - Формируем мок GET /alarms/v1/15day//290421
22:54:27.864 [main] DEBUG a.a.a.FifteenDaysOfWeatherAlarmsTest - http клиент создан
22:54:27.917 [main] DEBUG autoTest.accuweather.AbstractTest - convertResponseToString method call
]]></system-out>
  </testcase>
</testsuite>